# JRE version: Java(TM) SE Runtime Environment (8.0_91-b14) (build 1.8.0_91-b14)
# Java VM: Java HotSpot(TM) 64-Bit Server VM (25.91-b14 mixed mode linux-amd64 compressed oops)
Heap:
 PSYoungGen      total 270336K, used 16368K [0x00000000d7000000, 0x00000000e8800000, 0x0000000100000000)
  eden space 253952K, 0% used [0x00000000d7000000,0x00000000d7000000,0x00000000e6800000)
  from space 16384K, 99% used [0x00000000e6800000,0x00000000e77fc010,0x00000000e7800000)
  to   space 15872K, 0% used [0x00000000e7880000,0x00000000e7880000,0x00000000e8800000)
 ParOldGen       total 84992K, used 37849K [0x0000000085000000, 0x000000008a300000, 0x00000000d7000000)
  object space 84992K, 44% used [0x0000000085000000,0x00000000874f65b8,0x000000008a300000)
 Metaspace       used 20579K, capacity 21148K, committed 21248K, reserved 1069056K
  class space    used 2344K, capacity 2526K, committed 2560K, reserved 1048576K
GC Heap History (10 events):
Event: 0.798 GC heap after
Heap after GC invocations=2 (full 0):
 PSYoungGen      total 68608K, used 5098K [0x00000000d7000000, 0x00000000db800000, 0x0000000100000000)
  eden space 63488K, 0% used [0x00000000d7000000,0x00000000d7000000,0x00000000dae00000)
  from space 5120K, 99% used [0x00000000db300000,0x00000000db7fa948,0x00000000db800000)
  to   space 5120K, 0% used [0x00000000dae00000,0x00000000dae00000,0x00000000db300000)
 ParOldGen       total 84992K, used 1741K [0x0000000085000000, 0x000000008a300000, 0x00000000d7000000)
  object space 84992K, 2% used [0x0000000085000000,0x00000000851b35d8,0x000000008a300000)
 Metaspace       used 11249K, capacity 11432K, committed 11520K, reserved 1058816K
  class space    used 1413K, capacity 1508K, committed 1536K, reserved 1048576K
}
Event: 1.540 GC heap before
{Heap before GC invocations=3 (full 0):
 PSYoungGen      total 68608K, used 68586K [0x00000000d7000000, 0x00000000db800000, 0x0000000100000000)
  eden space 63488K, 100% used [0x00000000d7000000,0x00000000dae00000,0x00000000dae00000)
  from space 5120K, 99% used [0x00000000db300000,0x00000000db7fa948,0x00000000db800000)
  to   space 5120K, 0% used [0x00000000dae00000,0x00000000dae00000,0x00000000db300000)
 ParOldGen       total 84992K, used 1741K [0x0000000085000000, 0x000000008a300000, 0x00000000d7000000)
  object space 84992K, 2% used [0x0000000085000000,0x00000000851b35d8,0x000000008a300000)
 Metaspace       used 14824K, capacity 15116K, committed 15232K, reserved 1062912K
  class space    used 1789K, capacity 1914K, committed 1920K, reserved 1048576K
Event: 1.553 GC heap after
Heap after GC invocations=3 (full 0):
 PSYoungGen      total 68608K, used 5088K [0x00000000d7000000, 0x00000000df600000, 0x0000000100000000)
  eden space 63488K, 0% used [0x00000000d7000000,0x00000000d7000000,0x00000000dae00000)
  from space 5120K, 99% used [0x00000000dae00000,0x00000000db2f8020,0x00000000db300000)
  to   space 5120K, 0% used [0x00000000df100000,0x00000000df100000,0x00000000df600000)
 ParOldGen       total 84992K, used 5963K [0x0000000085000000, 0x000000008a300000, 0x00000000d7000000)
  object space 84992K, 7% used [0x0000000085000000,0x00000000855d2df0,0x000000008a300000)
 Metaspace       used 14824K, capacity 15116K, committed 15232K, reserved 1062912K
  class space    used 1789K, capacity 1914K, committed 1920K, reserved 1048576K
}
Event: 1.968 GC heap before
{Heap before GC invocations=4 (full 0):
 PSYoungGen      total 68608K, used 68576K [0x00000000d7000000, 0x00000000df600000, 0x0000000100000000)
  eden space 63488K, 100% used [0x00000000d7000000,0x00000000dae00000,0x00000000dae00000)
  from space 5120K, 99% used [0x00000000dae00000,0x00000000db2f8020,0x00000000db300000)
  to   space 5120K, 0% used [0x00000000df100000,0x00000000df100000,0x00000000df600000)
 ParOldGen       total 84992K, used 5963K [0x0000000085000000, 0x000000008a300000, 0x00000000d7000000)
  object space 84992K, 7% used [0x0000000085000000,0x00000000855d2df0,0x000000008a300000)
 Metaspace       used 16766K, capacity 16988K, committed 17280K, reserved 1064960K
  class space    used 2037K, capacity 2150K, committed 2176K, reserved 1048576K
Event: 1.990 GC heap after
Heap after GC invocations=4 (full 0):
 PSYoungGen      total 132096K, used 5088K [0x00000000d7000000, 0x00000000df600000, 0x0000000100000000)
  eden space 126976K, 0% used [0x00000000d7000000,0x00000000d7000000,0x00000000dec00000)
  from space 5120K, 99% used [0x00000000df100000,0x00000000df5f8040,0x00000000df600000)
  to   space 5120K, 0% used [0x00000000dec00000,0x00000000dec00000,0x00000000df100000)
 ParOldGen       total 84992K, used 13415K [0x0000000085000000, 0x000000008a300000, 0x00000000d7000000)
  object space 84992K, 15% used [0x0000000085000000,0x0000000085d19f50,0x000000008a300000)
 Metaspace       used 16766K, capacity 16988K, committed 17280K, reserved 1064960K
  class space    used 2037K, capacity 2150K, committed 2176K, reserved 1048576K
}
Event: 3.963 GC heap before
{Heap before GC invocations=5 (full 0):
 PSYoungGen      total 132096K, used 132064K [0x00000000d7000000, 0x00000000df600000, 0x0000000100000000)
  eden space 126976K, 100% used [0x00000000d7000000,0x00000000dec00000,0x00000000dec00000)
  from space 5120K, 99% used [0x00000000df100000,0x00000000df5f8040,0x00000000df600000)
  to   space 5120K, 0% used [0x00000000dec00000,0x00000000dec00000,0x00000000df100000)
 ParOldGen       total 84992K, used 13415K [0x0000000085000000, 0x000000008a300000, 0x00000000d7000000)
  object space 84992K, 15% used [0x0000000085000000,0x0000000085d19f50,0x000000008a300000)
 Metaspace       used 18726K, capacity 19210K, committed 19584K, reserved 1067008K
  class space    used 2193K, capacity 2333K, committed 2432K, reserved 1048576K
Event: 3.985 GC heap after
Heap after GC invocations=5 (full 0):
 PSYoungGen      total 132096K, used 5120K [0x00000000d7000000, 0x00000000e8900000, 0x0000000100000000)
  eden space 126976K, 0% used [0x00000000d7000000,0x00000000d7000000,0x00000000dec00000)
  from space 5120K, 100% used [0x00000000dec00000,0x00000000df100000,0x00000000df100000)
  to   space 16896K, 0% used [0x00000000e7880000,0x00000000e7880000,0x00000000e8900000)
 ParOldGen       total 84992K, used 22083K [0x0000000085000000, 0x000000008a300000, 0x00000000d7000000)
  object space 84992K, 25% used [0x0000000085000000,0x0000000086590fb0,0x000000008a300000)
 Metaspace       used 18726K, capacity 19210K, committed 19584K, reserved 1067008K
  class space    used 2193K, capacity 2333K, committed 2432K, reserved 1048576K
}
Event: 4.648 GC heap before
{Heap before GC invocations=6 (full 0):
 PSYoungGen      total 132096K, used 132096K [0x00000000d7000000, 0x00000000e8900000, 0x0000000100000000)
  eden space 126976K, 100% used [0x00000000d7000000,0x00000000dec00000,0x00000000dec00000)
  from space 5120K, 100% used [0x00000000dec00000,0x00000000df100000,0x00000000df100000)
  to   space 16896K, 0% used [0x00000000e7880000,0x00000000e7880000,0x00000000e8900000)
 ParOldGen       total 84992K, used 22083K [0x0000000085000000, 0x000000008a300000, 0x00000000d7000000)
  object space 84992K, 25% used [0x0000000085000000,0x0000000086590fb0,0x000000008a300000)
 Metaspace       used 18922K, capacity 19408K, committed 19840K, reserved 1067008K
  class space    used 2195K, capacity 2334K, committed 2432K, reserved 1048576K
Event: 4.665 GC heap after
Heap after GC invocations=6 (full 0):
 PSYoungGen      total 269824K, used 6992K [0x00000000d7000000, 0x00000000e8800000, 0x0000000100000000)
  eden space 253952K, 0% used [0x00000000d7000000,0x00000000d7000000,0x00000000e6800000)
  from space 15872K, 44% used [0x00000000e7880000,0x00000000e7f54010,0x00000000e8800000)
  to   space 16384K, 0% used [0x00000000e6800000,0x00000000e6800000,0x00000000e7800000)
 ParOldGen       total 84992K, used 22083K [0x0000000085000000, 0x000000008a300000, 0x00000000d7000000)
  object space 84992K, 25% used [0x0000000085000000,0x0000000086590fb0,0x000000008a300000)
 Metaspace       used 18922K, capacity 19408K, committed 19840K, reserved 1067008K
  class space    used 2195K, capacity 2334K, committed 2432K, reserved 1048576K
}
Event: 6.356 GC heap before
{Heap before GC invocations=7 (full 0):
 PSYoungGen      total 269824K, used 187090K [0x00000000d7000000, 0x00000000e8800000, 0x0000000100000000)
  eden space 253952K, 70% used [0x00000000d7000000,0x00000000e1fe0bc8,0x00000000e6800000)
  from space 15872K, 44% used [0x00000000e7880000,0x00000000e7f54010,0x00000000e8800000)
  to   space 16384K, 0% used [0x00000000e6800000,0x00000000e6800000,0x00000000e7800000)
 ParOldGen       total 84992K, used 22083K [0x0000000085000000, 0x000000008a300000, 0x00000000d7000000)
  object space 84992K, 25% used [0x0000000085000000,0x0000000086590fb0,0x000000008a300000)
 Metaspace       used 20579K, capacity 21148K, committed 21248K, reserved 1069056K
  class space    used 2344K, capacity 2526K, committed 2560K, reserved 1048576K

