<?xml version="1.0" encoding="UTF-8" ?>
<testsuite errors="0" skipped="0" tests="20" time="0.081" failures="0" name="net.sf.taverna.t2.activities.spreadsheet.SpreadsheetImportConfigurationTest">
  <properties>
[...]
</properties>
  <testcase classname="net.sf.taverna.t2.activities.spreadsheet.SpreadsheetImportConfigurationTest" time="0.005" name="testSpreadsheetImportConfiguration"/>
  <testcase classname="net.sf.taverna.t2.activities.spreadsheet.SpreadsheetImportConfigurationTest" time="0.007" name="testSpreadsheetImportConfigurationSpreadsheetImportConfiguration"/>
  <testcase classname="net.sf.taverna.t2.activities.spreadsheet.SpreadsheetImportConfigurationTest" time="0.003" name="testGetEmptyCellValue"/>
  <testcase classname="net.sf.taverna.t2.activities.spreadsheet.SpreadsheetImportConfigurationTest" time="0.002" name="testSetEmptyCellValue"/>
  <testcase classname="net.sf.taverna.t2.activities.spreadsheet.SpreadsheetImportConfigurationTest" time="0.004" name="testGetColumnRange"/>
  <testcase classname="net.sf.taverna.t2.activities.spreadsheet.SpreadsheetImportConfigurationTest" time="0.002" name="testSetColumnRange"/>
  <testcase classname="net.sf.taverna.t2.activities.spreadsheet.SpreadsheetImportConfigurationTest" time="0.003" name="testGetRowRange"/>
  <testcase classname="net.sf.taverna.t2.activities.spreadsheet.SpreadsheetImportConfigurationTest" time="0.009" name="testSetRowRange"/>
  <testcase classname="net.sf.taverna.t2.activities.spreadsheet.SpreadsheetImportConfigurationTest" time="0.004" name="testGetColumnNames"/>
  <testcase classname="net.sf.taverna.t2.activities.spreadsheet.SpreadsheetImportConfigurationTest" time="0.003" name="testSetColumnNames"/>
  <testcase classname="net.sf.taverna.t2.activities.spreadsheet.SpreadsheetImportConfigurationTest" time="0.002" name="testIsAllRows"/>
  <testcase classname="net.sf.taverna.t2.activities.spreadsheet.SpreadsheetImportConfigurationTest" time="0.002" name="testSetAllRows"/>
  <testcase classname="net.sf.taverna.t2.activities.spreadsheet.SpreadsheetImportConfigurationTest" time="0.002" name="testIsExcludeFirstRow"/>
  <testcase classname="net.sf.taverna.t2.activities.spreadsheet.SpreadsheetImportConfigurationTest" time="0.002" name="testSetExcludeFirstRow"/>
  <testcase classname="net.sf.taverna.t2.activities.spreadsheet.SpreadsheetImportConfigurationTest" time="0.002" name="testIsIgnoreBlankRows"/>
  <testcase classname="net.sf.taverna.t2.activities.spreadsheet.SpreadsheetImportConfigurationTest" time="0.003" name="testSetIgnoreBlankRows"/>
  <testcase classname="net.sf.taverna.t2.activities.spreadsheet.SpreadsheetImportConfigurationTest" time="0.002" name="testGetEmptyCellPolicy"/>
  <testcase classname="net.sf.taverna.t2.activities.spreadsheet.SpreadsheetImportConfigurationTest" time="0.002" name="testSetEmptyCellPolicy"/>
  <testcase classname="net.sf.taverna.t2.activities.spreadsheet.SpreadsheetImportConfigurationTest" time="0.003" name="testEqualsObject"/>
  <testcase classname="net.sf.taverna.t2.activities.spreadsheet.SpreadsheetImportConfigurationTest" time="0.003" name="testHashCode"/>
</testsuite>